2022-03-25 13:47:05,483 - Start to crawl info from repo https://github.com/caow13/BRITS
2022-03-25 13:47:05,483 - Crawling https://github.com/caow13/BRITS/stargazers...
2022-03-25 13:47:12,079 - Crawling https://github.com/caow13/BRITS/network/members...
2022-03-25 13:47:14,001 - Start to crawl info from repo https://github.com/Luoyonghong/Multivariate-Time-Series-Imputation-with-Generative-Adversarial-Networks
2022-03-25 13:47:14,002 - Crawling https://github.com/Luoyonghong/Multivariate-Time-Series-Imputation-with-Generative-Adversarial-Networks/stargazers...
2022-03-25 13:47:29,481 - Crawling https://github.com/Luoyonghong/Multivariate-Time-Series-Imputation-with-Generative-Adversarial-Networks/network/members...
2022-03-25 13:47:34,515 - Start to crawl info from repo https://github.com/Luoyonghong/E2EGAN
2022-03-25 13:47:34,515 - Crawling https://github.com/Luoyonghong/E2EGAN/stargazers...
2022-03-25 13:47:45,341 - Crawling https://github.com/Luoyonghong/E2EGAN/network/members...
2022-03-25 13:47:46,838 - Start to crawl info from repo https://github.com/jsyoon0823/MRNN
2022-03-25 13:47:46,838 - Crawling https://github.com/jsyoon0823/MRNN/stargazers...
2022-03-25 13:47:48,509 - Crawling https://github.com/jsyoon0823/MRNN/network/members...
2022-03-25 13:47:49,447 - Start to crawl info from repo https://github.com/ratschlab/GP-VAE
2022-03-25 13:47:49,447 - Crawling https://github.com/ratschlab/GP-VAE/stargazers...
2022-03-25 13:47:53,427 - Crawling https://github.com/ratschlab/GP-VAE/network/members...
2022-03-25 13:47:54,757 - Start to crawl info from repo https://github.com/lupalab/NRTSI
2022-03-25 13:47:54,758 - Crawling https://github.com/lupalab/NRTSI/stargazers...
2022-03-25 13:47:55,706 - Crawling https://github.com/lupalab/NRTSI/network/members...
2022-03-25 13:47:56,571 - Start to crawl info from repo https://github.com/WenjieDu/SAITS
2022-03-25 13:47:56,571 - Crawling https://github.com/WenjieDu/SAITS/stargazers...
2022-03-25 13:47:57,478 - Crawling https://github.com/WenjieDu/SAITS/network/members...
2022-03-25 13:47:58,412 - Got 435 different users: 
 ['', 'Yuyoo', 'wspideryue', 'gaoyuanning', 'cjm564', 'rongzhou', 'zhumorui', 'TripleEss', 'wsgan001', 'Lin956', 'slowlyswimming', 'JiabenLi', 'TBIQ', 'ritchieng', 'booiris', 'wstaryue', 'Seanny123', 'lmassaron', 'lidongdong328', 'AlephNotation', 'zhx0813', 'BykovIlya', 'er-vivekkumar', 'DICPZhou', 'machao123343', 'qiuwei', 'RuixuanDai', 'XTxiatong', 'CliffordLai', 'Noahprog', 'pranz24', 'gcramerb', 'stardust0083', 'seharanul17', 'shangll123', 'xcxhy', 'Empythy', 'Juderer', 'jaeehooon', 'ManelMili', 'Ayiing', 'zhangjic18', 'Oldhuntor', 'NobleKennamer', 'Seven-year-promise', 'jaivardhankapoor', 'DongZC00', 'morrisial', 'rotcx', 'MingzhiZhang', 'jh-ly', 'mmiorelli88', 'taogeanton2', 'ZhenxiongLiu', 'baiyang4', 'DawnSmithaa', 'salezaraus', 'Freemanzxp', 'ts-kim', 'wyhlaowang', 'vladserkoff', '4SkyNet', 'inlizard', 'wpcaia', 'Scallions', 'fgxpoweropt', 'alphacyc', 'lihp11', 'astirn', 'peppahashfly', 'HectorGao', 'caohy1988', 'lpf121924', 'wxwoods', 'xueliang', '4ndt3s-forks', 'VINO-MING', 'HeZhang1994', 'wuyusheng1023', 'Q-Qing', 'kngwyu', 'feiyiwang', 'epabarker', 'kingmbc', 'Maweiten', 'wycarbon', 'Shivam0712', 'csetraynor', 'AdrianCurtin', 'ivivan', 'mosew', 'jingwennn', 'dbaranchuk', 'txzstxzs', 'FlavienBuron', 'Dorniwang', 'kyu999', 'popeye007', 'gege-hoho', 'wuyina', 'crayer1988', 'Dawchen', 'serdarozsoy', 'kingcaojia', 'jianliu-ml', 'zhanglining123', 'SANMUSeniors', 'alesaccoia', 'yimengliu0216', 'roger1993', 'creatorcyh2021', 'ae14watanabe', 'ml-lab', 'AndyHuang25', 'tomzhang', 'mcooganj', 'daigenan', 'ck37', 'shansiliu95', 'Bob0123456', 'Sahanduiuc', 'jakeykj', 'zerzerzerz', 'Sinansi', 'ptigas', 'arita37', 'BaiGang', 'lantianfengwk', 'AcEbt', 'yinchangchang', 'oyjwhy', 'sanatonek', 'charlie9660', 'Kaushik118445435', 'yuanzun123', 'xwtttt', 'mxochicale', 'dbarrejon', 'Sllvsjay', 'WayneOuyang', 'KseeleK', 'WenbinSun', 'Pablo-34', 'HorizonLiang', 'songtaoshi', 'nghianguyen7171', 'huaiyizhao', 'jasonrwise', 'jx291605427', 'GilgameshD', 'balgithub', 'LeifYaoYuXiang', 'Agewerc', 'wangym1993', 'Ubikas', 'aowal', 'Devlit', 'yotofu', 'deer123', 'AndresAlgaba', 'Gyaya', 'JasonZhang0623', 'fly51fly', 'dan-r95', 'lgstd', 'jing-xu', 'joesphNeedham', 'yujue-zhou', 'jvpoulos', 'zhoudanhua', 'JGuymont', 'hheyang', 'kabolat', 'hjf1997', 'coolcoder001', 'mafacz', 'Neiou8', 'Vickyyyy369', 'poem1209', 'CSU-June', 'lixiaoyu0575', 'nardeas', 'WoodScene', 'yangxingyu588', 'RobinLu1209', 'ngovanmao', 'graham-research', 'mmngreco', 'ivan-marroquin', 'Hsankesara', 'oguiza', 'jessicareinaldo', 'HarisNaveed17', 'lh77hl', 'Murplugg', 'kormilitzin', 'tgcsaba', 'JialongWang1224', 'ehudbaumatz', 'caisikai', '1112003001', 'ketyi', 'robygit12', 'gastoneb', 'escherba', 'WeiJiHsiao', 'zahnz', 'ginward', 'yyyoungxz', 'ZIYU-DEEP', 'suoql', 'qinxie', 'Zymrael', 'RyanMetz', 'selvarchy', 'pkubik', 'roysh', 'wuyou33', 'sarthak268', 'josie0188', 'verystrongjoe', 'beijixiong3510', 'ASCII35', 'stuay', 'Vitoom', 'authurlord', 'sherry6247', 'ictwjw', 'ericol', 'ChenYizhu97', 'djoldman', 'const-yield', 'Lionelsy', 'asmhack', 'ajikmr', 'fzrn23', 'kirchhoff', 'MiyainNYC', 'JanmajaySingh', 'josephstalin117', 'adamzz01', 'gcostese', 'zzw-zwzhang', 'Jappy0', 'stephenzwj', 'wwymak', 'fengshoubo', 'gtshs2', 'jiangkejie', 'fagan2888', 'tccbj', 'onatkutdagtekin', 'siddharthchaini', 'yizhanyang', 'maxto', 'lorraineyuan', 'DesenHuang', 'lanxiang1017', 'danieljarrett', 'xsv587carry', 'rrrai', 'Karthik-Pandaram', 'BaoxueLi', 'liguang-ops', 'sqfranklin', 'stoh-keti', 'Stepka', 'lijunsun', 'Liwu-di', 'Atomwh', 'maxxu05', 'andreasa13', 'yasirabd', 'stel-nik', 'yjhong89', 'wujiahui996', 'bxycn1218', 'windyear', 'mariomorvan', 'chennnnnyize', 'hty199868', 'Sympathyzzk', 'meedew', 'cococ0j', 'nareshram256', 'lsrock1', 'tangzhenyu', 'TanmDL', 'pradeeplam', 'skyve2012', 'noahzn', 'paulshuva', 'Dawn90', 'OpetherMB', 'Rohaifa', '478731807', 'xuw10', 'Wuzejun5', 'alance123', 'sagarverma', 'tyungliu', 'Wattyyy', 'xexiyong', 'JamesGOAT', 'Tommy-Ngx', 'nbharaths', 'ComplexData', 'yunweidashuju', 'smalljust', 'ntudy', 'yunrongyang', 'gognlin', 'yilunchen27', 'rupi-rs', 'MattZ-99', 'panda-puff', 'Dee-z', 'Phoenix-V', 'felderwang', 'The-Gupta', 'gxhrid', 'edyrizalmuh', 'Cathy3', 'modway', 'GISRS', '6015203259', 'simonbing', 'shajoezhu', 'johnstill', 'sevhatdoger', 'pedrofreiree', 'giovannifranzese94', 'justinhou95', 'Mehakkhan7', 'freekang', 'Dolores2333', 'jsk389', 'VersElectronics', 'rcamino', 'diegompin', 'irosyadi', 'shivampatel19', 'zishengwu', 'maxpmx', 'chrisqian333', 'ribsthakkar', 'Fionn-Mac-Cumhaill', 'sknepal', 'fangfcg', 'acphile', 'amy0li', 'LIWEIDENG0830', 'Tia1892', 'univeryinli', 'bsinghpratap', 'victoeywilly', 'igorpereirabr1', 'armaank', 'lkaly', 'mihamerstan', 'elisejiuqizhang', 'josjsjen', 'liusok', 'eogns282', 'hoangthienan95', 'HB-Liu', 'floft', 'clnsearchcode', 'alonshoa', 'guoyucs', 'AlexPars', 'TMIU', 'salimtalout', 'svmhmd', 'underdoc-wang', 'Prasanna1991', 'omar16100', 'JoonyoungYi', 'sth4k', 'AbdelouahabKhelifati', 'luohongyu', 'yier-fier', 'neocosmos', 'vonfeng', 'ShreJais', 'JDonaldM', 'MMMMMM1028', 'herleik', 'happywd', 'Srceh', 'JJOPED', 'Arsener', 'wangjianlongnba', 'jieeshen', 'LifeWorks', 'bailingnan', 'YohanJung', 'ArthurDream', 'sdimi', 'qwzhong1988', 'asifr', 'honglinwen', 'gkswns95', 'sg90', 'yoann-fleytoux', 'hahah5', 'zeyuhe', 'ykumards', 'BowersE', 'darylfung96', 'lihuiupc', 'fengguoguo123', 'hysteriaxth', 'chymgalois', 'onhrs', 'kopalgarg', 'MVRonkin', 'ladothlak', 'AdityaShaha', 'bkbonde', 'EliasMei', 'shawnwang-tech', 'luckyyangrun', 'snowaa007', 'JoshuaC3', 'XingHYu', 'altdg', 'ashish9995', 'mglcampos', 'songjianbin', 'xiyuanzh', 'jbxing', 'chsh0630', 'Bingtuu', 'jrnold']
2022-03-25 13:47:58,412 - Got 6 same users: 
 ['wangjiali0310', 'shism2', 'Zhongkeyang', 'fen0324', 'Yangxin666', 'LyapunovStability']
2022-03-25 13:47:58,414 - Signing in GitHub...
2022-03-25 13:48:03,820 - Login successfully.
2022-03-25 13:48:03,820 - Crawling info_different_users...
2022-03-25 13:48:03,824 - Crawling info of user ...
2022-03-25 13:48:04,598 - Crawling info of user Yuyoo...
2022-03-25 13:48:05,791 - Crawling info of user wspideryue...
2022-03-25 13:48:06,962 - Crawling info of user gaoyuanning...
2022-03-25 13:48:08,155 - Crawling info of user cjm564...
2022-03-25 13:48:09,242 - Crawling info of user rongzhou...
2022-03-25 13:48:10,339 - Crawling info of user zhumorui...
2022-03-25 13:48:12,138 - Crawling info of user TripleEss...
2022-03-25 13:48:13,651 - Crawling info of user wsgan001...
2022-03-25 13:48:15,634 - Crawling info of user Lin956...
2022-03-25 13:48:17,022 - Crawling info of user slowlyswimming...
2022-03-25 13:48:18,271 - Crawling info of user JiabenLi...
2022-03-25 13:48:19,521 - Crawling info of user TBIQ...
2022-03-25 13:48:20,947 - Crawling info of user ritchieng...
2022-03-25 13:48:22,270 - Crawling info of user booiris...
2022-03-25 13:48:24,606 - Crawling info of user wstaryue...
2022-03-25 13:48:25,742 - Crawling info of user Seanny123...
2022-03-25 13:48:27,310 - Crawling info of user lmassaron...
2022-03-25 13:48:28,541 - Crawling info of user lidongdong328...
2022-03-25 13:48:29,669 - Crawling info of user AlephNotation...
2022-03-25 13:48:31,207 - Crawling info of user zhx0813...
2022-03-25 13:48:32,360 - Crawling info of user BykovIlya...
2022-03-25 13:48:33,951 - Crawling info of user er-vivekkumar...
2022-03-25 13:48:35,528 - Crawling info of user DICPZhou...
2022-03-25 13:48:37,585 - Crawling info of user machao123343...
2022-03-25 13:48:39,093 - Crawling info of user qiuwei...
2022-03-25 13:48:40,517 - Crawling info of user RuixuanDai...
2022-03-25 13:48:41,770 - Crawling info of user XTxiatong...
2022-03-25 13:48:43,063 - Crawling info of user CliffordLai...
2022-03-25 13:48:44,210 - Crawling info of user Noahprog...
2022-03-25 13:48:45,429 - Crawling info of user pranz24...
2022-03-25 13:48:46,609 - Crawling info of user gcramerb...
2022-03-25 13:48:47,937 - Crawling info of user stardust0083...
2022-03-25 13:48:49,140 - Crawling info of user seharanul17...
2022-03-25 13:48:50,317 - Crawling info of user shangll123...
2022-03-25 13:48:51,541 - Crawling info of user xcxhy...
2022-03-25 13:48:52,948 - Crawling info of user Empythy...
2022-03-25 13:48:54,061 - Crawling info of user Juderer...
2022-03-25 13:48:55,292 - Crawling info of user jaeehooon...
2022-03-25 13:48:56,713 - Crawling info of user ManelMili...
2022-03-25 13:48:57,872 - Crawling info of user Ayiing...
2022-03-25 13:48:59,124 - Crawling info of user zhangjic18...
2022-03-25 13:49:00,360 - Crawling info of user Oldhuntor...
2022-03-25 13:49:01,474 - Crawling info of user NobleKennamer...
2022-03-25 13:49:02,655 - Crawling info of user Seven-year-promise...
2022-03-25 13:49:03,897 - Crawling info of user jaivardhankapoor...
2022-03-25 13:49:05,294 - Crawling info of user DongZC00...
2022-03-25 13:49:06,406 - Crawling info of user morrisial...
2022-03-25 13:49:07,544 - Crawling info of user rotcx...
2022-03-25 13:49:08,971 - Crawling info of user MingzhiZhang...
2022-03-25 13:49:10,278 - Crawling info of user jh-ly...
2022-03-25 13:49:11,491 - Crawling info of user mmiorelli88...
2022-03-25 13:49:12,902 - Crawling info of user taogeanton2...
2022-03-25 13:49:14,215 - Crawling info of user ZhenxiongLiu...
2022-03-25 13:49:15,429 - Crawling info of user baiyang4...
2022-03-25 13:49:16,649 - Crawling info of user DawnSmithaa...
2022-03-25 13:49:17,872 - Crawling info of user salezaraus...
2022-03-25 13:49:19,042 - Crawling info of user Freemanzxp...
2022-03-25 13:49:20,315 - Crawling info of user ts-kim...
2022-03-25 13:49:21,566 - Crawling info of user wyhlaowang...
2022-03-25 13:49:23,056 - Crawling info of user vladserkoff...
2022-03-25 13:49:24,895 - Crawling info of user 4SkyNet...
2022-03-25 13:49:27,138 - Crawling info of user inlizard...
2022-03-25 13:49:28,272 - Crawling info of user wpcaia...
2022-03-25 13:49:29,367 - Crawling info of user Scallions...
2022-03-25 13:49:30,907 - Crawling info of user fgxpoweropt...
2022-03-25 13:49:32,129 - Crawling info of user alphacyc...
2022-03-25 13:49:33,282 - Crawling info of user lihp11...
2022-03-25 13:49:34,418 - Crawling info of user astirn...
2022-03-25 13:49:35,664 - Crawling info of user peppahashfly...
2022-03-25 13:49:36,811 - Crawling info of user HectorGao...
2022-03-25 13:49:38,012 - Crawling info of user caohy1988...
2022-03-25 13:49:39,221 - Crawling info of user lpf121924...
2022-03-25 13:49:40,592 - Crawling info of user wxwoods...
2022-03-25 13:49:41,794 - Crawling info of user xueliang...
2022-03-25 13:49:43,002 - Crawling info of user 4ndt3s-forks...
2022-03-25 13:49:44,149 - Crawling info of user VINO-MING...
2022-03-25 13:49:45,634 - Crawling info of user HeZhang1994...
2022-03-25 13:49:46,774 - Crawling info of user wuyusheng1023...
2022-03-25 13:49:48,055 - Crawling info of user Q-Qing...
2022-03-25 13:49:49,387 - Crawling info of user kngwyu...
2022-03-25 13:49:51,358 - Crawling info of user feiyiwang...
2022-03-25 13:49:52,642 - Crawling info of user epabarker...
2022-03-25 13:49:54,086 - Crawling info of user kingmbc...
2022-03-25 13:49:55,441 - Crawling info of user Maweiten...
2022-03-25 13:49:56,652 - Crawling info of user wycarbon...
2022-03-25 13:49:57,970 - Crawling info of user Shivam0712...
2022-03-25 13:49:59,212 - Crawling info of user csetraynor...
2022-03-25 13:50:00,480 - Crawling info of user AdrianCurtin...
2022-03-25 13:50:02,051 - Crawling info of user ivivan...
2022-03-25 13:50:03,469 - Crawling info of user mosew...
2022-03-25 13:50:04,693 - Crawling info of user jingwennn...
2022-03-25 13:50:06,203 - Crawling info of user dbaranchuk...
2022-03-25 13:50:07,545 - Crawling info of user txzstxzs...
2022-03-25 13:50:08,675 - Crawling info of user FlavienBuron...
2022-03-25 13:50:10,007 - Crawling info of user Dorniwang...
2022-03-25 13:50:11,456 - Crawling info of user kyu999...
2022-03-25 13:50:12,746 - Crawling info of user popeye007...
2022-03-25 13:50:13,913 - Crawling info of user gege-hoho...
2022-03-25 13:50:15,297 - Crawling info of user wuyina...
2022-03-25 13:50:16,467 - Crawling info of user crayer1988...
2022-03-25 13:50:17,504 - Crawling info of user Dawchen...
2022-03-25 13:50:18,783 - Crawling info of user serdarozsoy...
2022-03-25 13:50:20,059 - Crawling info of user kingcaojia...
2022-03-25 13:50:21,122 - Crawling info of user jianliu-ml...
2022-03-25 13:50:22,623 - Crawling info of user zhanglining123...
2022-03-25 13:50:23,805 - Crawling info of user SANMUSeniors...
2022-03-25 13:50:24,961 - Crawling info of user alesaccoia...
2022-03-25 13:50:26,555 - Crawling info of user yimengliu0216...
2022-03-25 13:50:27,714 - Crawling info of user roger1993...
2022-03-25 13:50:28,933 - Crawling info of user creatorcyh2021...
2022-03-25 13:50:30,128 - Crawling info of user ae14watanabe...
2022-03-25 13:50:31,727 - Crawling info of user ml-lab...
2022-03-25 13:50:33,295 - Crawling info of user AndyHuang25...
2022-03-25 13:50:34,431 - Crawling info of user tomzhang...
2022-03-25 13:50:36,129 - Crawling info of user mcooganj...
2022-03-25 13:50:37,366 - Crawling info of user daigenan...
2022-03-25 13:50:38,575 - Crawling info of user ck37...
2022-03-25 13:50:40,254 - Crawling info of user shansiliu95...
2022-03-25 13:50:41,691 - Crawling info of user Bob0123456...
2022-03-25 13:50:43,056 - Crawling info of user Sahanduiuc...
2022-03-25 13:50:44,630 - Crawling info of user jakeykj...
2022-03-25 13:50:45,974 - Crawling info of user zerzerzerz...
2022-03-25 13:50:47,229 - Crawling info of user Sinansi...
2022-03-25 13:50:48,532 - Crawling info of user ptigas...
2022-03-25 13:50:50,178 - Crawling info of user arita37...
2022-03-25 13:50:52,499 - Crawling info of user BaiGang...
2022-03-25 13:50:53,751 - Crawling info of user lantianfengwk...
2022-03-25 13:50:54,835 - Crawling info of user AcEbt...
2022-03-25 13:50:56,362 - Crawling info of user yinchangchang...
2022-03-25 13:50:57,656 - Crawling info of user oyjwhy...
2022-03-25 13:50:58,898 - Crawling info of user sanatonek...
2022-03-25 13:51:00,467 - Crawling info of user charlie9660...
2022-03-25 13:51:01,961 - Crawling info of user Kaushik118445435...
2022-03-25 13:51:03,352 - Crawling info of user yuanzun123...
2022-03-25 13:51:04,700 - Crawling info of user xwtttt...
2022-03-25 13:51:05,954 - Crawling info of user mxochicale...
2022-03-25 13:51:07,791 - Crawling info of user dbarrejon...
2022-03-25 13:51:09,073 - Crawling info of user Sllvsjay...
2022-03-25 13:51:10,187 - Crawling info of user WayneOuyang...
2022-03-25 13:51:11,488 - Crawling info of user KseeleK...
2022-03-25 13:51:12,681 - Crawling info of user WenbinSun...
2022-03-25 13:51:14,046 - Crawling info of user Pablo-34...
2022-03-25 13:51:15,331 - Crawling info of user HorizonLiang...
2022-03-25 13:51:16,737 - Crawling info of user songtaoshi...
2022-03-25 13:51:18,168 - Crawling info of user nghianguyen7171...
2022-03-25 13:51:19,416 - Crawling info of user huaiyizhao...
2022-03-25 13:51:20,825 - Crawling info of user jasonrwise...
2022-03-25 13:51:21,964 - Crawling info of user jx291605427...
2022-03-25 13:51:23,373 - Crawling info of user GilgameshD...
2022-03-25 13:51:24,959 - Crawling info of user balgithub...
2022-03-25 13:51:26,243 - Crawling info of user LeifYaoYuXiang...
2022-03-25 13:51:27,456 - Crawling info of user Agewerc...
2022-03-25 13:51:28,692 - Crawling info of user wangym1993...
2022-03-25 13:51:30,007 - Crawling info of user Ubikas...
2022-03-25 13:51:31,188 - Crawling info of user aowal...
2022-03-25 13:51:32,962 - Crawling info of user Devlit...
2022-03-25 13:51:34,133 - Crawling info of user yotofu...
2022-03-25 13:51:35,467 - Crawling info of user deer123...
2022-03-25 13:51:36,619 - Crawling info of user AndresAlgaba...
2022-03-25 13:51:37,812 - Crawling info of user Gyaya...
2022-03-25 13:51:38,994 - Crawling info of user JasonZhang0623...
2022-03-25 13:51:40,070 - Crawling info of user fly51fly...
2022-03-25 13:51:41,261 - Crawling info of user dan-r95...
2022-03-25 13:51:42,841 - Crawling info of user lgstd...
2022-03-25 13:51:44,329 - Crawling info of user jing-xu...
2022-03-25 13:51:45,727 - Crawling info of user joesphNeedham...
2022-03-25 13:51:47,001 - Crawling info of user yujue-zhou...
2022-03-25 13:51:48,229 - Crawling info of user jvpoulos...
2022-03-25 13:51:49,527 - Crawling info of user zhoudanhua...
2022-03-25 13:51:50,721 - Crawling info of user JGuymont...
2022-03-25 13:51:51,871 - Crawling info of user hheyang...
2022-03-25 13:51:53,089 - Crawling info of user kabolat...
2022-03-25 13:51:54,496 - Crawling info of user hjf1997...
2022-03-25 13:51:55,960 - Crawling info of user coolcoder001...
2022-03-25 13:51:57,121 - Crawling info of user mafacz...
2022-03-25 13:51:58,475 - Crawling info of user Neiou8...
2022-03-25 13:51:59,690 - Crawling info of user Vickyyyy369...
2022-03-25 13:52:00,842 - Crawling info of user poem1209...
2022-03-25 13:52:02,070 - Crawling info of user CSU-June...
2022-03-25 13:52:03,097 - Crawling info of user lixiaoyu0575...
2022-03-25 13:52:04,341 - Crawling info of user nardeas...
2022-03-25 13:52:05,884 - Crawling info of user WoodScene...
2022-03-25 13:52:07,788 - Crawling info of user yangxingyu588...
2022-03-25 13:52:09,332 - Crawling info of user RobinLu1209...
2022-03-25 13:52:10,903 - Crawling info of user ngovanmao...
2022-03-25 13:52:12,299 - Crawling info of user graham-research...
2022-03-25 13:52:13,349 - Crawling info of user mmngreco...
2022-03-25 13:52:15,248 - Crawling info of user ivan-marroquin...
2022-03-25 13:52:16,567 - Crawling info of user Hsankesara...
2022-03-25 13:52:18,348 - Crawling info of user oguiza...
2022-03-25 13:52:20,740 - Crawling info of user jessicareinaldo...
2022-03-25 13:52:21,896 - Crawling info of user HarisNaveed17...
2022-03-25 13:52:23,167 - Crawling info of user lh77hl...
2022-03-25 13:52:24,350 - Crawling info of user Murplugg...
2022-03-25 13:52:25,579 - Crawling info of user kormilitzin...
2022-03-25 13:52:26,783 - Crawling info of user tgcsaba...
2022-03-25 13:52:28,172 - Crawling info of user JialongWang1224...
2022-03-25 13:52:29,375 - Crawling info of user ehudbaumatz...
2022-03-25 13:52:30,558 - Crawling info of user caisikai...
2022-03-25 13:52:31,904 - Crawling info of user 1112003001...
2022-03-25 13:52:33,005 - Crawling info of user ketyi...
2022-03-25 13:52:34,534 - Crawling info of user robygit12...
2022-03-25 13:52:35,647 - Crawling info of user gastoneb...
2022-03-25 13:52:37,509 - Crawling info of user escherba...
2022-03-25 13:52:39,942 - Crawling info of user WeiJiHsiao...
2022-03-25 13:52:41,155 - Crawling info of user zahnz...
2022-03-25 13:52:42,884 - Crawling info of user ginward...
2022-03-25 13:52:44,287 - Crawling info of user yyyoungxz...
2022-03-25 13:52:45,466 - Crawling info of user ZIYU-DEEP...
2022-03-25 13:52:46,913 - Crawling info of user suoql...
2022-03-25 13:52:48,116 - Crawling info of user qinxie...
2022-03-25 13:52:49,323 - Crawling info of user Zymrael...
2022-03-25 13:52:50,922 - Crawling info of user RyanMetz...
2022-03-25 13:52:52,212 - Crawling info of user selvarchy...
2022-03-25 13:52:53,407 - Crawling info of user pkubik...
2022-03-25 13:52:54,635 - Crawling info of user roysh...
2022-03-25 13:52:55,841 - Crawling info of user wuyou33...
2022-03-25 13:52:57,292 - Crawling info of user sarthak268...
2022-03-25 13:52:58,917 - Crawling info of user josie0188...
2022-03-25 13:53:00,034 - Crawling info of user verystrongjoe...
2022-03-25 13:53:01,354 - Crawling info of user beijixiong3510...
2022-03-25 13:53:02,568 - Crawling info of user ASCII35...
2022-03-25 13:53:03,716 - Crawling info of user stuay...
2022-03-25 13:53:04,919 - Crawling info of user Vitoom...
2022-03-25 13:53:06,196 - Crawling info of user authurlord...
2022-03-25 13:53:07,371 - Crawling info of user sherry6247...
2022-03-25 13:53:08,568 - Crawling info of user ictwjw...
2022-03-25 13:53:09,689 - Crawling info of user ericol...
2022-03-25 13:53:11,203 - Crawling info of user ChenYizhu97...
2022-03-25 13:53:12,419 - Crawling info of user djoldman...
2022-03-25 13:53:13,804 - Crawling info of user const-yield...
2022-03-25 13:53:15,174 - Crawling info of user Lionelsy...
2022-03-25 13:53:16,477 - Crawling info of user asmhack...
2022-03-25 13:53:17,661 - Crawling info of user ajikmr...
2022-03-25 13:53:18,963 - Crawling info of user fzrn23...
2022-03-25 13:53:20,153 - Crawling info of user kirchhoff...
2022-03-25 13:53:21,429 - Crawling info of user MiyainNYC...
2022-03-25 13:53:22,633 - Crawling info of user JanmajaySingh...
2022-03-25 13:53:23,718 - Crawling info of user josephstalin117...
2022-03-25 13:53:25,286 - Crawling info of user adamzz01...
2022-03-25 13:53:27,725 - Crawling info of user gcostese...
2022-03-25 13:53:29,262 - Crawling info of user zzw-zwzhang...
2022-03-25 13:53:30,994 - Crawling info of user Jappy0...
2022-03-25 13:53:32,155 - Crawling info of user stephenzwj...
2022-03-25 13:53:33,425 - Crawling info of user wwymak...
2022-03-25 13:53:35,172 - Crawling info of user fengshoubo...
2022-03-25 13:53:36,394 - Crawling info of user gtshs2...
2022-03-25 13:53:37,649 - Crawling info of user jiangkejie...
2022-03-25 13:53:38,891 - Crawling info of user fagan2888...
2022-03-25 13:53:41,115 - Crawling info of user tccbj...
2022-03-25 13:53:42,351 - Crawling info of user onatkutdagtekin...
2022-03-25 13:53:43,469 - Crawling info of user siddharthchaini...
2022-03-25 13:53:44,924 - Crawling info of user yizhanyang...
2022-03-25 13:53:46,210 - Crawling info of user maxto...
2022-03-25 13:53:47,490 - Crawling info of user lorraineyuan...
2022-03-25 13:53:48,670 - Crawling info of user DesenHuang...
2022-03-25 13:53:49,993 - Crawling info of user lanxiang1017...
2022-03-25 13:53:51,254 - Crawling info of user danieljarrett...
2022-03-25 13:53:52,518 - Crawling info of user xsv587carry...
2022-03-25 13:53:53,670 - Crawling info of user rrrai...
2022-03-25 13:53:54,933 - Crawling info of user Karthik-Pandaram...
2022-03-25 13:53:56,107 - Crawling info of user BaoxueLi...
2022-03-25 13:53:57,282 - Crawling info of user liguang-ops...
2022-03-25 13:53:58,429 - Crawling info of user sqfranklin...
2022-03-25 13:53:59,606 - Crawling info of user stoh-keti...
2022-03-25 13:54:00,761 - Crawling info of user Stepka...
2022-03-25 13:54:01,971 - Crawling info of user lijunsun...
2022-03-25 13:54:03,285 - Crawling info of user Liwu-di...
2022-03-25 13:54:04,554 - Crawling info of user Atomwh...
2022-03-25 13:54:05,723 - Crawling info of user maxxu05...
2022-03-25 13:54:06,990 - Crawling info of user andreasa13...
2022-03-25 13:54:08,366 - Crawling info of user yasirabd...
2022-03-25 13:54:09,938 - Crawling info of user stel-nik...
2022-03-25 13:54:11,079 - Crawling info of user yjhong89...
2022-03-25 13:54:12,530 - Crawling info of user wujiahui996...
2022-03-25 13:54:14,025 - Crawling info of user bxycn1218...
2022-03-25 13:54:15,510 - Crawling info of user windyear...
2022-03-25 13:54:16,938 - Crawling info of user mariomorvan...
2022-03-25 13:54:18,493 - Crawling info of user chennnnnyize...
2022-03-25 13:54:19,841 - Crawling info of user hty199868...
2022-03-25 13:54:21,150 - Crawling info of user Sympathyzzk...
2022-03-25 13:54:22,555 - Crawling info of user meedew...
2022-03-25 13:54:23,862 - Crawling info of user cococ0j...
2022-03-25 13:54:25,454 - Crawling info of user nareshram256...
2022-03-25 13:54:26,848 - Crawling info of user lsrock1...
2022-03-25 13:54:28,340 - Crawling info of user tangzhenyu...
2022-03-25 13:54:29,559 - Crawling info of user TanmDL...
2022-03-25 13:54:30,889 - Crawling info of user pradeeplam...
2022-03-25 13:54:32,090 - Crawling info of user skyve2012...
2022-03-25 13:54:33,493 - Crawling info of user noahzn...
2022-03-25 13:54:34,973 - Crawling info of user paulshuva...
2022-03-25 13:54:36,222 - Crawling info of user Dawn90...
2022-03-25 13:54:37,433 - Crawling info of user OpetherMB...
2022-03-25 13:54:39,555 - Crawling info of user Rohaifa...
2022-03-25 13:54:40,809 - Crawling info of user 478731807...
2022-03-25 13:54:42,104 - Crawling info of user xuw10...
2022-03-25 13:54:43,555 - Crawling info of user Wuzejun5...
2022-03-25 13:54:44,884 - Crawling info of user alance123...
2022-03-25 13:54:46,076 - Crawling info of user sagarverma...
2022-03-25 13:54:48,321 - Crawling info of user tyungliu...
2022-03-25 13:54:49,418 - Crawling info of user Wattyyy...
2022-03-25 13:54:50,875 - Crawling info of user xexiyong...
2022-03-25 13:54:52,109 - Crawling info of user JamesGOAT...
2022-03-25 13:54:53,201 - Crawling info of user Tommy-Ngx...
2022-03-25 13:54:54,679 - Crawling info of user nbharaths...
2022-03-25 13:54:55,909 - Crawling info of user ComplexData...
2022-03-25 13:54:57,117 - Crawling info of user yunweidashuju...
2022-03-25 13:54:58,240 - Crawling info of user smalljust...
2022-03-25 13:54:59,629 - Crawling info of user ntudy...
2022-03-25 13:55:00,917 - Crawling info of user yunrongyang...
2022-03-25 13:55:02,248 - Crawling info of user gognlin...
2022-03-25 13:55:03,636 - Crawling info of user yilunchen27...
2022-03-25 13:55:05,093 - Crawling info of user rupi-rs...
2022-03-25 13:55:06,515 - Crawling info of user MattZ-99...
2022-03-25 13:55:08,046 - Crawling info of user panda-puff...
2022-03-25 13:55:09,355 - Crawling info of user Dee-z...
2022-03-25 13:55:10,600 - Crawling info of user Phoenix-V...
2022-03-25 13:55:11,821 - Crawling info of user felderwang...
2022-03-25 13:55:13,230 - Crawling info of user The-Gupta...
2022-03-25 13:55:14,434 - Crawling info of user gxhrid...
2022-03-25 13:55:16,138 - Crawling info of user edyrizalmuh...
2022-03-25 13:55:18,257 - Crawling info of user Cathy3...
2022-03-25 13:55:19,548 - Crawling info of user modway...
2022-03-25 13:55:21,244 - Crawling info of user GISRS...
2022-03-25 13:55:22,868 - Crawling info of user 6015203259...
2022-03-25 13:55:24,081 - Crawling info of user simonbing...
2022-03-25 13:55:25,609 - Crawling info of user shajoezhu...
2022-03-25 13:55:28,886 - Crawling info of user johnstill...
2022-03-25 13:55:30,398 - Crawling info of user sevhatdoger...
2022-03-25 13:55:31,753 - Crawling info of user pedrofreiree...
2022-03-25 13:55:33,038 - Crawling info of user giovannifranzese94...
2022-03-25 13:55:34,354 - Crawling info of user justinhou95...
2022-03-25 13:55:35,611 - Crawling info of user Mehakkhan7...
2022-03-25 13:55:36,925 - Crawling info of user freekang...
2022-03-25 13:55:38,338 - Crawling info of user Dolores2333...
2022-03-25 13:55:39,694 - Crawling info of user jsk389...
2022-03-25 13:55:40,945 - Crawling info of user VersElectronics...
2022-03-25 13:55:42,220 - Crawling info of user rcamino...
2022-03-25 13:55:43,482 - Crawling info of user diegompin...
2022-03-25 13:55:44,861 - Crawling info of user irosyadi...
2022-03-25 13:55:46,259 - Crawling info of user shivampatel19...
2022-03-25 13:55:47,722 - Crawling info of user zishengwu...
2022-03-25 13:55:49,077 - Crawling info of user maxpmx...
2022-03-25 13:55:50,465 - Crawling info of user chrisqian333...
2022-03-25 13:55:51,896 - Crawling info of user ribsthakkar...
2022-03-25 13:55:53,262 - Crawling info of user Fionn-Mac-Cumhaill...
2022-03-25 13:55:54,655 - Crawling info of user sknepal...
2022-03-25 13:55:55,952 - Crawling info of user fangfcg...
2022-03-25 13:55:57,253 - Crawling info of user acphile...
2022-03-25 13:55:58,626 - Crawling info of user amy0li...
2022-03-25 13:55:59,677 - Crawling info of user LIWEIDENG0830...
2022-03-25 13:56:00,823 - Crawling info of user Tia1892...
2022-03-25 13:56:02,153 - Crawling info of user univeryinli...
2022-03-25 13:56:03,474 - Crawling info of user bsinghpratap...
2022-03-25 13:56:04,804 - Crawling info of user victoeywilly...
2022-03-25 13:56:06,118 - Crawling info of user igorpereirabr1...
2022-03-25 13:56:07,534 - Crawling info of user armaank...
2022-03-25 13:56:09,002 - Crawling info of user lkaly...
2022-03-25 13:56:10,328 - Crawling info of user mihamerstan...
2022-03-25 13:56:11,656 - Crawling info of user elisejiuqizhang...
2022-03-25 13:56:12,840 - Crawling info of user josjsjen...
2022-03-25 13:56:14,338 - Crawling info of user liusok...
2022-03-25 13:56:15,520 - Crawling info of user eogns282...
2022-03-25 13:56:16,702 - Crawling info of user hoangthienan95...
2022-03-25 13:56:18,801 - Crawling info of user HB-Liu...
2022-03-25 13:56:20,135 - Crawling info of user floft...
2022-03-25 13:56:21,609 - Crawling info of user clnsearchcode...
2022-03-25 13:56:22,785 - Crawling info of user alonshoa...
2022-03-25 13:56:24,111 - Crawling info of user guoyucs...
2022-03-25 13:56:25,328 - Crawling info of user AlexPars...
2022-03-25 13:56:26,576 - Crawling info of user TMIU...
2022-03-25 13:56:27,977 - Crawling info of user salimtalout...
2022-03-25 13:56:29,259 - Crawling info of user svmhmd...
2022-03-25 13:56:30,593 - Crawling info of user underdoc-wang...
2022-03-25 13:56:31,888 - Crawling info of user Prasanna1991...
2022-03-25 13:56:33,786 - Crawling info of user omar16100...
2022-03-25 13:56:35,177 - Crawling info of user JoonyoungYi...
2022-03-25 13:56:36,751 - Crawling info of user sth4k...
2022-03-25 13:56:38,130 - Crawling info of user AbdelouahabKhelifati...
2022-03-25 13:56:39,320 - Crawling info of user luohongyu...
2022-03-25 13:56:40,761 - Crawling info of user yier-fier...
2022-03-25 13:56:41,970 - Crawling info of user neocosmos...
2022-03-25 13:56:43,243 - Crawling info of user vonfeng...
2022-03-25 13:56:44,538 - Crawling info of user ShreJais...
2022-03-25 13:56:45,872 - Crawling info of user JDonaldM...
2022-03-25 13:56:47,300 - Crawling info of user MMMMMM1028...
2022-03-25 13:56:48,481 - Crawling info of user herleik...
2022-03-25 13:56:49,738 - Crawling info of user happywd...
2022-03-25 13:56:50,866 - Crawling info of user Srceh...
2022-03-25 13:56:52,187 - Crawling info of user JJOPED...
2022-03-25 13:56:53,297 - Crawling info of user Arsener...
2022-03-25 13:56:54,625 - Crawling info of user wangjianlongnba...
2022-03-25 13:56:55,881 - Crawling info of user jieeshen...
2022-03-25 13:56:57,158 - Crawling info of user LifeWorks...
2022-03-25 13:56:58,591 - Crawling info of user bailingnan...
2022-03-25 13:56:59,804 - Crawling info of user YohanJung...
2022-03-25 13:57:00,913 - Crawling info of user ArthurDream...
2022-03-25 13:57:02,157 - Crawling info of user sdimi...
2022-03-25 13:57:03,651 - Crawling info of user qwzhong1988...
2022-03-25 13:57:04,992 - Crawling info of user asifr...
2022-03-25 13:57:06,183 - Crawling info of user honglinwen...
2022-03-25 13:57:07,446 - Crawling info of user gkswns95...
2022-03-25 13:57:08,702 - Crawling info of user sg90...
2022-03-25 13:57:10,053 - Crawling info of user yoann-fleytoux...
2022-03-25 13:57:11,263 - Crawling info of user hahah5...
2022-03-25 13:57:12,303 - Crawling info of user zeyuhe...
2022-03-25 13:57:13,619 - Crawling info of user ykumards...
2022-03-25 13:57:15,127 - Crawling info of user BowersE...
2022-03-25 13:57:16,479 - Crawling info of user darylfung96...
2022-03-25 13:57:17,783 - Crawling info of user lihuiupc...
2022-03-25 13:57:18,886 - Crawling info of user fengguoguo123...
2022-03-25 13:57:20,086 - Crawling info of user hysteriaxth...
2022-03-25 13:57:21,222 - Crawling info of user chymgalois...
2022-03-25 13:57:22,288 - Crawling info of user onhrs...
2022-03-25 13:57:23,587 - Crawling info of user kopalgarg...
2022-03-25 13:57:25,195 - Crawling info of user MVRonkin...
2022-03-25 13:57:26,440 - Crawling info of user ladothlak...
2022-03-25 13:57:27,609 - Crawling info of user AdityaShaha...
2022-03-25 13:57:29,041 - Crawling info of user bkbonde...
2022-03-25 13:57:30,592 - Crawling info of user EliasMei...
2022-03-25 13:57:31,959 - Crawling info of user shawnwang-tech...
2022-03-25 13:57:33,611 - Crawling info of user luckyyangrun...
2022-03-25 13:57:34,806 - Crawling info of user snowaa007...
2022-03-25 13:57:36,343 - Crawling info of user JoshuaC3...
2022-03-25 13:57:37,555 - Crawling info of user XingHYu...
2022-03-25 13:57:38,780 - Crawling info of user altdg...
2022-03-25 13:57:39,893 - Crawling info of user ashish9995...
2022-03-25 13:57:41,080 - Crawling info of user mglcampos...
2022-03-25 13:57:42,449 - Crawling info of user songjianbin...
2022-03-25 13:57:43,611 - Crawling info of user xiyuanzh...
2022-03-25 13:57:44,929 - Crawling info of user jbxing...
2022-03-25 13:57:46,195 - Crawling info of user chsh0630...
2022-03-25 13:57:47,325 - Crawling info of user Bingtuu...
2022-03-25 13:57:48,664 - Crawling info of user jrnold...
2022-03-25 13:57:50,226 - Saving info_different_users into csv file...
2022-03-25 13:57:50,238 - All finished.
